<?xml version="1.0" encoding="UTF-8"?>
<testng-results skipped="0" failed="0" total="1" passed="1">
  <reporter-output>
  </reporter-output>
  <suite name="Default suite" duration-ms="47045" started-at="2017-06-24T13:51:22Z" finished-at="2017-06-24T13:52:09Z">
    <groups>
    </groups>
    <test name="Default test" duration-ms="47045" started-at="2017-06-24T13:51:22Z" finished-at="2017-06-24T13:52:09Z">
      <class name="Yixin.testScript.App_init">
        <test-method status="PASS" signature="beforeMethod()[pri:0, instance:Yixin.testScript.App_init@21b56b0b]" name="beforeMethod" is-config="true" duration-ms="46173" started-at="2017-06-24T21:51:22Z" finished-at="2017-06-24T21:52:08Z">
          <reporter-output>
          </reporter-output>
        </test-method> <!-- beforeMethod -->
        <test-method status="PASS" signature="Test_Startup()[pri:0, instance:Yixin.testScript.App_init@21b56b0b]" name="Test_Startup" duration-ms="4" started-at="2017-06-24T21:52:08Z" finished-at="2017-06-24T21:52:08Z">
          <reporter-output>
          </reporter-output>
        </test-method> <!-- Test_Startup -->
        <test-method status="PASS" signature="afterMethod()[pri:0, instance:Yixin.testScript.App_init@21b56b0b]" name="afterMethod" is-config="true" duration-ms="849" started-at="2017-06-24T21:52:08Z" finished-at="2017-06-24T21:52:09Z">
          <reporter-output>
          </reporter-output>
        </test-method> <!-- afterMethod -->
      </class> <!-- Yixin.testScript.App_init -->
    </test> <!-- Default test -->
  </suite> <!-- Default suite -->
</testng-results>
