<?xml version="1.0" encoding="UTF-8"?>
<testng-results skipped="0" failed="0" total="1" passed="1">
  <reporter-output>
  </reporter-output>
  <suite name="Default suite" duration-ms="55957" started-at="2017-06-25T14:34:23Z" finished-at="2017-06-25T14:35:19Z">
    <groups>
    </groups>
    <test name="Default test" duration-ms="55957" started-at="2017-06-25T14:34:23Z" finished-at="2017-06-25T14:35:19Z">
      <class name="Yixin.testScript.App_init_Test">
        <test-method status="PASS" signature="beforeMethod()[pri:0, instance:Yixin.testScript.App_init_Test@70092adf]" name="beforeMethod" is-config="true" duration-ms="53863" started-at="2017-06-25T22:34:23Z" finished-at="2017-06-25T22:35:17Z">
          <reporter-output>
          </reporter-output>
        </test-method> <!-- beforeMethod -->
        <test-method status="PASS" signature="Test_Startup()[pri:0, instance:Yixin.testScript.App_init_Test@70092adf]" name="Test_Startup" duration-ms="1265" started-at="2017-06-25T22:35:17Z" finished-at="2017-06-25T22:35:18Z">
          <reporter-output>
          </reporter-output>
        </test-method> <!-- Test_Startup -->
        <test-method status="PASS" signature="afterMethod()[pri:0, instance:Yixin.testScript.App_init_Test@70092adf]" name="afterMethod" is-config="true" duration-ms="814" started-at="2017-06-25T22:35:18Z" finished-at="2017-06-25T22:35:19Z">
          <reporter-output>
          </reporter-output>
        </test-method> <!-- afterMethod -->
      </class> <!-- Yixin.testScript.App_init_Test -->
    </test> <!-- Default test -->
  </suite> <!-- Default suite -->
</testng-results>
